<?xml version="1.0" encoding="UTF-8"?>
<!-- Generated by org.testng.reporters.JUnitXMLReporter -->
<testsuite ignored="0" hostname="LAPTOP-G84ET01R" failures="0" tests="2" name="Default test" time="4.31" errors="0" timestamp="2024-05-17T00:44:28 IST">
  <testcase classname="org.PostUsingMultipleMethods.postUsingJsonExtFIle" name="postusingjson" time="4.118"/>
  <testcase classname="org.PostUsingMultipleMethods.postUsingJsonExtFIle" name="deleteUser" time="0.048"/>
</testsuite> <!-- Default test -->
