<?xml version="1.0" encoding="UTF-8"?>
<testng-results ignored="0" total="2" passed="2" failed="0" skipped="0">
  <reporter-output>
  </reporter-output>
  <suite started-at="2024-05-17T00:44:24 IST" name="Default suite" finished-at="2024-05-17T00:44:28 IST" duration-ms="4310">
    <groups>
    </groups>
    <test started-at="2024-05-17T00:44:24 IST" name="Default test" finished-at="2024-05-17T00:44:28 IST" duration-ms="4310">
      <class name="org.PostUsingMultipleMethods.postUsingJsonExtFIle">
        <test-method signature="postusingjson()[pri:0, instance:org.PostUsingMultipleMethods.postUsingJsonExtFIle@74e28667]" started-at="2024-05-17T00:44:24 IST" name="postusingjson" finished-at="2024-05-17T00:44:28 IST" duration-ms="4118" status="PASS">
          <reporter-output>
          </reporter-output>
        </test-method> <!-- postusingjson -->
        <test-method signature="deleteUser()[pri:0, instance:org.PostUsingMultipleMethods.postUsingJsonExtFIle@74e28667]" started-at="2024-05-17T00:44:28 IST" name="deleteUser" finished-at="2024-05-17T00:44:28 IST" depends-on-methods="org.PostUsingMultipleMethods.postUsingJsonExtFIle.postusingjson" duration-ms="48" status="PASS">
          <reporter-output>
          </reporter-output>
        </test-method> <!-- deleteUser -->
      </class> <!-- org.PostUsingMultipleMethods.postUsingJsonExtFIle -->
    </test> <!-- Default test -->
  </suite> <!-- Default suite -->
</testng-results>
